{
  "comments": [
    {
      "unresolved": false,
      "key": {
        "uuid": "37aadb29_effcf7c9",
        "filename": "/PATCHSET_LEVEL",
        "patchSetId": 1
      },
      "lineNbr": 0,
      "author": {
        "id": 1017751
      },
      "writtenOn": "2023-10-30T17:22:51Z",
      "side": 1,
      "message": "The test_invocation fails on this patch. could you please correct ?\n\n\n____________ test_example_invocation[transmission_main_example__raman-transmission_main_example-args3] _____________\n\ncapfd \u003d \u003c_pytest.capture.CaptureFixture object at 0x7f072d4c1760\u003e, output \u003d \u0027transmission_main_example__raman\u0027\nhandler \u003d \u003cfunction transmission_main_example at 0x7f072b6a9550\u003e\nargs \u003d [\u0027gnpy/example-data/raman_edfa_example_network.json\u0027, \u0027--sim\u0027, \u0027gnpy/example-data/sim_params.json\u0027, \u0027--show-channels\u0027]\n\n    @pytest.mark.parametrize(\"output, handler, args\", (\n        (\u0027transmission_main_example\u0027, transmission_main_example, []),\n        (\u0027transmission_saturated\u0027, transmission_main_example,\n         [\u0027tests/data/testTopology_expected.json\u0027, \u0027lannion\u0027, \u0027lorient\u0027, \u0027-e\u0027, \u0027tests/data/eqpt_config.json\u0027, \u0027--pow\u0027, \u00273\u0027]),\n        (\u0027path_requests_run\u0027, path_requests_run, []),\n        (\u0027transmission_main_example__raman\u0027, transmission_main_example,\n         [\u0027gnpy/example-data/raman_edfa_example_network.json\u0027, \u0027--sim\u0027, \u0027gnpy/example-data/sim_params.json\u0027, \u0027--show-channels\u0027, ]),\n        (\u0027openroadm-v4-Stockholm-Gothenburg\u0027, transmission_main_example,\n         [\u0027-e\u0027, \u0027gnpy/example-data/eqpt_config_openroadm_ver4.json\u0027, \u0027gnpy/example-data/Sweden_OpenROADMv4_example_network.json\u0027, ]),\n        (\u0027openroadm-v5-Stockholm-Gothenburg\u0027, transmission_main_example,\n         [\u0027-e\u0027, \u0027gnpy/example-data/eqpt_config_openroadm_ver5.json\u0027, \u0027gnpy/example-data/Sweden_OpenROADMv5_example_network.json\u0027, ]),\n        (\u0027transmission_main_example_long\u0027, transmission_main_example,\n         [\u0027-e\u0027, \u0027tests/data/eqpt_config.json\u0027, \u0027tests/data/test_long_network.json\u0027]),\n        (\u0027spectrum1_transmission_main_example\u0027, transmission_main_example,\n         [\u0027--spectrum\u0027, \u0027gnpy/example-data/initial_spectrum1.json\u0027, \u0027gnpy/example-data/meshTopologyExampleV2.xls\u0027, ]),\n        (\u0027spectrum2_transmission_main_example\u0027, transmission_main_example,\n         [\u0027--spectrum\u0027, \u0027gnpy/example-data/initial_spectrum2.json\u0027, \u0027gnpy/example-data/meshTopologyExampleV2.xls\u0027, \u0027--show-channels\u0027, ]),\n        (\u0027path_requests_run_CD_PMD_PDL_missing\u0027, path_requests_run,\n         [\u0027tests/data/CORONET_Global_Topology_expected.json\u0027, \u0027tests/data/CORONET_services.json\u0027]),\n    ))\n    def test_example_invocation(capfd, output, handler, args):\n        \"\"\"Make sure that our examples produce useful output\"\"\"\n        os.chdir(SRC_ROOT)\n        expected \u003d open(SRC_ROOT / \u0027tests\u0027 / \u0027invocation\u0027 / output, mode\u003d\u0027r\u0027, encoding\u003d\u0027utf-8\u0027).read()\n        handler(args)\n        captured \u003d capfd.readouterr()\n\u003e       assert captured.out \u003d\u003d expected\nE       AssertionError: assert \u0027There are 76...ked Site_B)\\n\u0027 \u003d\u003d \u0027There are 76...ked Site_B)\\n\u0027\nE         Skipping 2069 identical leading characters in diff, use -v to show\nE         Skipping 83 identical trailing characters in diff, use -v to show\nE         -        31.32                       28.46\nE         ?           ^^                          ^^\nE         +        31.55                       28.58\nE         ?           ^^                          ^^\nE         -     2                 191.40000                      0.18                       31.62                       31.23                       28.41...\nE         \nE         ...Full output truncated (297 lines hidden), use \u0027-vv\u0027 to show\n\ntests/test_invocation.py:38: AssertionError\n\u003d\u003d\u003d\u003d\u003d\u003d\u003d\u003d\u003d\u003d\u003d\u003d\u003d\u003d\u003d\u003d\u003d\u003d\u003d\u003d\u003d\u003d\u003d\u003d\u003d\u003d\u003d\u003d\u003d\u003d\u003d\u003d\u003d\u003d\u003d\u003d\u003d\u003d\u003d\u003d\u003d\u003d\u003d\u003d\u003d short test summary info \u003d\u003d\u003d\u003d\u003d\u003d\u003d\u003d\u003d\u003d\u003d\u003d\u003d\u003d\u003d\u003d\u003d\u003d\u003d\u003d\u003d\u003d\u003d\u003d\u003d\u003d\u003d\u003d\u003d\u003d\u003d\u003d\u003d\u003d\u003d\u003d\u003d\u003d\u003d\u003d\u003d\u003d\u003d\u003d\u003d\u003d\nFAILED tests/test_invocation.py::test_example_invocation[transmission_main_example__raman-transmission_main_example-args3]",
      "revId": "6c84c064f69fea0b33e86a53023c1213eaed264b",
      "serverId": "d5d70762-12d0-45a1-890d-524b12d3f735"
    }
  ]
}